<?xml version="1.0" encoding="UTF-8"?>
<testng-results total="4" passed="4" failed="0" skipped="0">
  <reporter-output>
  </reporter-output>
  <suite started-at="2024-12-01T08:27:59Z" name="Suite" finished-at="2024-12-01T08:28:12Z" duration-ms="13525">
    <groups>
    </groups>
    <test started-at="2024-12-01T08:27:59Z" name="Test" finished-at="2024-12-01T08:28:12Z" duration-ms="13525">
      <class name="ttete.p1">
        <test-method signature="test1()[pri:0, instance:ttete.p1@36060e]" started-at="2024-12-01T13:57:59Z" name="test1" finished-at="2024-12-01T13:58:12Z" duration-ms="13092" status="PASS">
          <reporter-output>
          </reporter-output>
        </test-method> <!-- test1 -->
        <test-method signature="test2()[pri:0, instance:ttete.p1@36060e]" started-at="2024-12-01T13:57:59Z" name="test2" finished-at="2024-12-01T13:58:12Z" duration-ms="13191" status="PASS">
          <reporter-output>
          </reporter-output>
        </test-method> <!-- test2 -->
        <test-method signature="test3()[pri:0, instance:ttete.p1@36060e]" started-at="2024-12-01T13:57:59Z" name="test3" finished-at="2024-12-01T13:58:12Z" duration-ms="13498" status="PASS">
          <reporter-output>
          </reporter-output>
        </test-method> <!-- test3 -->
        <test-method signature="test()[pri:0, instance:ttete.p1@36060e]" started-at="2024-12-01T13:57:59Z" name="test" finished-at="2024-12-01T13:58:12Z" duration-ms="13227" status="PASS">
          <reporter-output>
          </reporter-output>
        </test-method> <!-- test -->
      </class> <!-- ttete.p1 -->
    </test> <!-- Test -->
  </suite> <!-- Suite -->
</testng-results>
